<?xml version="1.0" encoding="UTF-8"?>
<!-- Generated by org.testng.reporters.JUnitReportReporter -->
<testsuite hostname="HP" failures="0" tests="3" name="com.karatncarat.testCases.TC_Create_Design_Order" time="16.316" errors="0" timestamp="2022-04-16T14:52:42 IST" skipped="0">
  <testcase classname="com.karatncarat.testCases.TC_Create_Design_Order" name="custLoginTest" time="4.278"/>
  <system-out/>
  <testcase classname="com.karatncarat.testCases.TC_Create_Design_Order" name="custSearchTest" time="3.342"/>
  <system-out/>
  <testcase classname="com.karatncarat.testCases.TC_Create_Design_Order" name="createDesignTest" time="8.696"/>
  <system-out/>
</testsuite> <!-- com.karatncarat.testCases.TC_Create_Design_Order -->
