<?xml version="1.0" encoding="UTF-8"?>
<!-- Generated by org.testng.reporters.JUnitReportReporter -->
<testsuite hostname="HP" failures="0" tests="2" name="com.karatncarat.testCases.TC_Search_Customer" time="4.852" errors="0" timestamp="2022-03-28T23:48:57 IST" skipped="0">
  <testcase classname="com.karatncarat.testCases.TC_Search_Customer" name="custLoginTest" time="2.749"/>
  <system-out/>
  <testcase classname="com.karatncarat.testCases.TC_Search_Customer" name="custSearchTest" time="2.103"/>
  <system-out/>
</testsuite> <!-- com.karatncarat.testCases.TC_Search_Customer -->
