<?xml version="1.0" encoding="UTF-8"?>
<!-- Generated by org.testng.reporters.JUnitReportReporter -->
<testsuite hostname="HP" failures="0" tests="1" name="com.karatncarat.testCases.TC_Sales_Login" time="2.591" errors="0" timestamp="2022-04-22T08:40:31 IST" skipped="0">
  <testcase classname="com.karatncarat.testCases.TC_Sales_Login" name="loginTest" time="2.591"/>
  <system-out/>
</testsuite> <!-- com.karatncarat.testCases.TC_Sales_Login -->
