<?xml version="1.0" encoding="UTF-8"?>
<!-- Generated by org.testng.reporters.JUnitReportReporter -->
<testsuite hostname="HP" failures="0" tests="1" name="com.karatncarat.testCases.TC_OE_Login" time="3.964" errors="0" timestamp="2022-04-22T09:02:34 IST" skipped="0">
  <testcase classname="com.karatncarat.testCases.TC_OE_Login" name="oeLoginTest" time="3.964"/>
  <system-out/>
</testsuite> <!-- com.karatncarat.testCases.TC_OE_Login -->
