<?xml version="1.0" encoding="UTF-8"?>
<!-- Generated by org.testng.reporters.JUnitReportReporter -->
<testsuite hostname="HP" failures="0" tests="3" name="com.karatncarat.testCases.TC_Create_Design_Order" time="8.352" errors="0" timestamp="2022-04-17T14:51:21 IST" skipped="0">
  <testcase classname="com.karatncarat.testCases.TC_Create_Design_Order" name="custLoginTest" time="2.224"/>
  <system-out/>
  <testcase classname="com.karatncarat.testCases.TC_Create_Design_Order" name="custSearchTest" time="1.547"/>
  <system-out/>
  <testcase classname="com.karatncarat.testCases.TC_Create_Design_Order" name="createDesignTest" time="4.581"/>
  <system-out/>
</testsuite> <!-- com.karatncarat.testCases.TC_Create_Design_Order -->
